<?xml version="1.0" encoding="UTF-8"?>
<testng-results skipped="0" failed="0" ignored="0" total="1" passed="1">
  <reporter-output>
  </reporter-output>
  <suite name="Suite" duration-ms="7364" started-at="2020-06-10T21:52:05Z" finished-at="2020-06-10T21:52:12Z">
    <groups>
    </groups>
    <test name="Test" duration-ms="7364" started-at="2020-06-10T21:52:05Z" finished-at="2020-06-10T21:52:12Z">
      <class name="com.Scripts.ActitimeProject.TestActitimeLogin">
        <test-method status="PASS" signature="OpenBrowser()[pri:0, instance:com.Scripts.ActitimeProject.TestActitimeLogin@7276c8cd]" name="OpenBrowser" is-config="true" duration-ms="6526" started-at="2020-06-10T21:52:05Z" finished-at="2020-06-10T21:52:11Z">
          <reporter-output>
          </reporter-output>
        </test-method> <!-- OpenBrowser -->
        <test-method status="PASS" signature="Login()[pri:0, instance:com.Scripts.ActitimeProject.TestActitimeLogin@7276c8cd]" name="Login" duration-ms="817" started-at="2020-06-10T21:52:11Z" finished-at="2020-06-10T21:52:12Z">
          <reporter-output>
          </reporter-output>
        </test-method> <!-- Login -->
        <test-method status="PASS" signature="CloseBrowser()[pri:0, instance:com.Scripts.ActitimeProject.TestActitimeLogin@7276c8cd]" name="CloseBrowser" is-config="true" duration-ms="0" started-at="2020-06-10T21:52:12Z" finished-at="2020-06-10T21:52:12Z">
          <reporter-output>
          </reporter-output>
        </test-method> <!-- CloseBrowser -->
      </class> <!-- com.Scripts.ActitimeProject.TestActitimeLogin -->
    </test> <!-- Test -->
  </suite> <!-- Suite -->
</testng-results>
